<?xml version="1.0" encoding="UTF-8"?>
<!-- Generated by org.testng.reporters.JUnitReportReporter -->
<testsuite hostname="DESKTOP-IJ0KABL" failures="0" tests="4" name="api.testcases.UserTest" time="26.399" errors="0" timestamp="2025-07-08T22:20:19 IST" skipped="0">
  <testcase classname="api.testcases.UserTest" name="testCreateUser" time="17.429"/>
  <testcase classname="api.testcases.UserTest" name="testGetUseData" time="3.612"/>
  <testcase classname="api.testcases.UserTest" name="testUpdateUser" time="2.915"/>
  <testcase classname="api.testcases.UserTest" name="testDeleteUser" time="2.443"/>
</testsuite> <!-- api.testcases.UserTest -->
