<?xml version="1.0" encoding="UTF-8"?>
<!-- Generated by org.testng.reporters.JUnitReportReporter -->
<testsuite hostname="DESKTOP-IJ0KABL" failures="0" tests="12" name="api.testcases.UserTestDD" time="52.662" errors="0" timestamp="2025-07-01T09:02:33 IST" skipped="0">
  <testcase classname="api.testcases.UserTestDD" name="testCreateUser" time="4.385"/>
  <testcase classname="api.testcases.UserTestDD" name="testCreateUser" time="4.364"/>
  <testcase classname="api.testcases.UserTestDD" name="testCreateUser" time="4.400"/>
  <testcase classname="api.testcases.UserTestDD" name="testCreateUser" time="4.461"/>
  <testcase classname="api.testcases.UserTestDD" name="testGetUserData" time="4.342"/>
  <testcase classname="api.testcases.UserTestDD" name="testGetUserData" time="4.362"/>
  <testcase classname="api.testcases.UserTestDD" name="testGetUserData" time="4.370"/>
  <testcase classname="api.testcases.UserTestDD" name="testGetUserData" time="4.343"/>
  <testcase classname="api.testcases.UserTestDD" name="testDeleteUser" time="4.584"/>
  <testcase classname="api.testcases.UserTestDD" name="testDeleteUser" time="4.352"/>
  <testcase classname="api.testcases.UserTestDD" name="testDeleteUser" time="4.334"/>
  <testcase classname="api.testcases.UserTestDD" name="testDeleteUser" time="4.365"/>
</testsuite> <!-- api.testcases.UserTestDD -->
